0 info it worked if it ends with ok
1 verbose cli [ '/usr/local/bin/node', '/usr/local/bin/npm', 'run', 'test' ]
2 info using npm@2.15.8
3 info using node@v4.4.7
4 verbose run-script [ 'pretest', 'test', 'posttest' ]
5 info pretest learningreact@1.0.0
6 info test learningreact@1.0.0
7 verbose unsafe-perm in lifecycle true
8 info learningreact@1.0.0 Failed to exec test script
9 verbose stack Error: learningreact@1.0.0 test: `ava 'app/**/*.test.js' --verbose --require ./other/setup-ava-tests.js`
9 verbose stack spawn ENOENT
9 verbose stack     at ChildProcess.<anonymous> (/usr/local/lib/node_modules/npm/lib/utils/spawn.js:17:16)
9 verbose stack     at emitTwo (events.js:87:13)
9 verbose stack     at ChildProcess.emit (events.js:172:7)
9 verbose stack     at maybeClose (internal/child_process.js:827:16)
9 verbose stack     at Process.ChildProcess._handle.onexit (internal/child_process.js:211:5)
10 verbose pkgid learningreact@1.0.0
11 verbose cwd /Users/dawngreen/learningreact
12 error Darwin 12.6.0
13 error argv "/usr/local/bin/node" "/usr/local/bin/npm" "run" "test"
14 error node v4.4.7
15 error npm  v2.15.8
16 error file sh
17 error code ELIFECYCLE
18 error errno ENOENT
19 error syscall spawn
20 error learningreact@1.0.0 test: `ava 'app/**/*.test.js' --verbose --require ./other/setup-ava-tests.js`
20 error spawn ENOENT
21 error Failed at the learningreact@1.0.0 test script 'ava 'app/**/*.test.js' --verbose --require ./other/setup-ava-tests.js'.
21 error This is most likely a problem with the learningreact package,
21 error not with npm itself.
21 error Tell the author that this fails on your system:
21 error     ava 'app/**/*.test.js' --verbose --require ./other/setup-ava-tests.js
21 error You can get information on how to open an issue for this project with:
21 error     npm bugs learningreact
21 error Or if that isn't available, you can get their info via:
21 error
21 error     npm owner ls learningreact
21 error There is likely additional logging output above.
22 verbose exit [ 1, true ]
